<?xml version="1.0" encoding="UTF-8"?>
<!-- Generated by org.testng.reporters.JUnitReportReporter -->
<testsuite hostname="LAPTOP-MVJK2OM8" failures="0" tests="4" name="com.qa.tests.TC_004_SelectHotelPageTest" time="28.384" errors="0" timestamp="2025-05-07T09:24:18 IST" skipped="0">
  <testcase classname="com.qa.tests.TC_004_SelectHotelPageTest" name="VerifyHotelSelectionWithPrefilledData" time="7.547"/>
  <testcase classname="com.qa.tests.TC_004_SelectHotelPageTest" name="VerifyRedirectionToSelectHotelPage" time="5.483"/>
  <testcase classname="com.qa.tests.TC_004_SelectHotelPageTest" name="verifyHotelSelectionFunctionality" time="9.173"/>
  <testcase classname="com.qa.tests.TC_004_SelectHotelPageTest" name="VerifyBookingFailsWithoutSelectingHotelRadioButton" time="6.181"/>
</testsuite> <!-- com.qa.tests.TC_004_SelectHotelPageTest -->
