<?xml version="1.0" encoding="UTF-8"?>
<!-- Generated by org.testng.reporters.JUnitReportReporter -->
<testsuite hostname="LAPTOP-MVJK2OM8" failures="0" tests="1" name="com.qa.tests.TC_003_SearchHotelTest" time="9.915" errors="0" timestamp="2025-05-06T18:03:43 IST" skipped="0">
  <testcase classname="com.qa.tests.TC_003_SearchHotelTest" name="VerifyToSelectValidCheckInDate" time="9.915"/>
</testsuite> <!-- com.qa.tests.TC_003_SearchHotelTest -->
