<?xml version="1.0" encoding="UTF-8"?>
<!-- Generated by org.testng.reporters.JUnitReportReporter -->
<testsuite hostname="LAPTOP-MVJK2OM8" failures="0" tests="1" name="com.qa.tests.TC_005_BookHotelPageTest" time="17.866" errors="0" timestamp="2025-05-07T09:47:29 IST" skipped="0">
  <testcase classname="com.qa.tests.TC_005_BookHotelPageTest" name="verifySuccessfulBookingWithValidData" time="17.866"/>
</testsuite> <!-- com.qa.tests.TC_005_BookHotelPageTest -->
